[debug] [2026-02-23T19:41:57.477Z] ----------------------------------------------------------------------
[debug] [2026-02-23T19:41:57.479Z] Command:       /usr/local/bin/node /usr/local/bin/firebase deploy
[debug] [2026-02-23T19:41:57.479Z] CLI Version:   15.7.0
[debug] [2026-02-23T19:41:57.479Z] Platform:      darwin
[debug] [2026-02-23T19:41:57.479Z] Node Version:  v24.13.1
[debug] [2026-02-23T19:41:57.479Z] Time:          Mon Feb 23 2026 20:41:57 GMT+0100 (West Africa Time)
[debug] [2026-02-23T19:41:57.479Z] ----------------------------------------------------------------------
[debug] 
[debug] [2026-02-23T19:41:58.197Z] > command requires scopes: ["email","openid","https://www.googleapis.com/auth/cloudplatformprojects.readonly","https://www.googleapis.com/auth/firebase","https://www.googleapis.com/auth/cloud-platform"]
[debug] [2026-02-23T19:41:58.197Z] > authorizing via signed-in user (adamsabdullateef5@gmail.com)
[debug] [2026-02-23T19:41:58.197Z] [iam] checking project leaseease-updated for permissions ["cloudfunctions.functions.create","cloudfunctions.functions.delete","cloudfunctions.functions.get","cloudfunctions.functions.list","cloudfunctions.functions.update","cloudfunctions.operations.get","datastore.indexes.create","datastore.indexes.delete","datastore.indexes.list","datastore.indexes.update","firebase.projects.get"]
[debug] [2026-02-23T19:41:58.197Z] Checked if tokens are valid: false, expires at: 1771876042915
[debug] [2026-02-23T19:41:58.197Z] Checked if tokens are valid: false, expires at: 1771876042915
[debug] [2026-02-23T19:41:58.197Z] > refreshing access token with scopes: []
[debug] [2026-02-23T19:41:58.198Z] >>> [apiv2][query] POST https://www.googleapis.com/oauth2/v3/token [none]
[debug] [2026-02-23T19:41:58.198Z] >>> [apiv2][body] POST https://www.googleapis.com/oauth2/v3/token [omitted]
[debug] [2026-02-23T19:41:59.690Z] <<< [apiv2][status] POST https://www.googleapis.com/oauth2/v3/token 200
[debug] [2026-02-23T19:41:59.690Z] <<< [apiv2][body] POST https://www.googleapis.com/oauth2/v3/token [omitted]
[debug] [2026-02-23T19:41:59.698Z] >>> [apiv2][query] POST https://cloudresourcemanager.googleapis.com/v1/projects/leaseease-updated:testIamPermissions [none]
[debug] [2026-02-23T19:41:59.699Z] >>> [apiv2][(partial)header] POST https://cloudresourcemanager.googleapis.com/v1/projects/leaseease-updated:testIamPermissions  x-goog-user-project=leaseease-updated
[debug] [2026-02-23T19:41:59.699Z] >>> [apiv2][body] POST https://cloudresourcemanager.googleapis.com/v1/projects/leaseease-updated:testIamPermissions {"permissions":["cloudfunctions.functions.create","cloudfunctions.functions.delete","cloudfunctions.functions.get","cloudfunctions.functions.list","cloudfunctions.functions.update","cloudfunctions.operations.get","datastore.indexes.create","datastore.indexes.delete","datastore.indexes.list","datastore.indexes.update","firebase.projects.get"]}
[debug] [2026-02-23T19:42:01.969Z] <<< [apiv2][status] POST https://cloudresourcemanager.googleapis.com/v1/projects/leaseease-updated:testIamPermissions 200
[debug] [2026-02-23T19:42:01.969Z] <<< [apiv2][body] POST https://cloudresourcemanager.googleapis.com/v1/projects/leaseease-updated:testIamPermissions {"permissions":["cloudfunctions.functions.create","cloudfunctions.functions.delete","cloudfunctions.functions.get","cloudfunctions.functions.list","cloudfunctions.functions.update","cloudfunctions.operations.get","datastore.indexes.create","datastore.indexes.delete","datastore.indexes.list","datastore.indexes.update","firebase.projects.get"]}
[debug] [2026-02-23T19:42:01.971Z] Checked if tokens are valid: true, expires at: 1771879318690
[debug] [2026-02-23T19:42:01.971Z] Checked if tokens are valid: true, expires at: 1771879318690
[debug] [2026-02-23T19:42:01.971Z] >>> [apiv2][query] POST https://iam.googleapis.com/v1/projects/leaseease-updated/serviceAccounts/leaseease-updated@appspot.gserviceaccount.com:testIamPermissions [none]
[debug] [2026-02-23T19:42:01.971Z] >>> [apiv2][body] POST https://iam.googleapis.com/v1/projects/leaseease-updated/serviceAccounts/leaseease-updated@appspot.gserviceaccount.com:testIamPermissions {"permissions":["iam.serviceAccounts.actAs"]}
[debug] [2026-02-23T19:42:04.227Z] <<< [apiv2][status] POST https://iam.googleapis.com/v1/projects/leaseease-updated/serviceAccounts/leaseease-updated@appspot.gserviceaccount.com:testIamPermissions 200
[debug] [2026-02-23T19:42:04.227Z] <<< [apiv2][body] POST https://iam.googleapis.com/v1/projects/leaseease-updated/serviceAccounts/leaseease-updated@appspot.gserviceaccount.com:testIamPermissions {"permissions":["iam.serviceAccounts.actAs"]}
[info] 
[info] === Deploying to 'leaseease-updated'...
[info] 
[info] i  deploying firestore, functions 
[info] i  firestore: ensuring required API firestore.googleapis.com is enabled... 
[info] i  firestore: ensuring required API firestore.googleapis.com is enabled... 
[debug] [2026-02-23T19:42:04.231Z] Checked if tokens are valid: true, expires at: 1771879318690
[debug] [2026-02-23T19:42:04.231Z] Checked if tokens are valid: true, expires at: 1771879318690
[debug] [2026-02-23T19:42:04.231Z] >>> [apiv2][query] GET https://firestore.googleapis.com/v1/projects/leaseease-updated/databases/(default) [none]
[debug] [2026-02-23T19:42:06.875Z] <<< [apiv2][status] GET https://firestore.googleapis.com/v1/projects/leaseease-updated/databases/(default) 200
[debug] [2026-02-23T19:42:06.875Z] <<< [apiv2][body] GET https://firestore.googleapis.com/v1/projects/leaseease-updated/databases/(default) {"name":"projects/leaseease-updated/databases/(default)","uid":"5079801d-a859-4b50-81e5-0ddaa29d830b","createTime":"2026-02-22T01:31:24.625643Z","updateTime":"2026-02-22T01:31:24.625643Z","locationId":"europe-west1","type":"FIRESTORE_NATIVE","concurrencyMode":"PESSIMISTIC","versionRetentionPeriod":"3600s","earliestVersionTime":"2026-02-23T18:42:06.487093Z","appEngineIntegrationMode":"DISABLED","pointInTimeRecoveryEnablement":"POINT_IN_TIME_RECOVERY_DISABLED","deleteProtectionState":"DELETE_PROTECTION_DISABLED","databaseEdition":"STANDARD","freeTier":true,"realtimeUpdatesMode":"REALTIME_UPDATES_MODE_ENABLED","etag":"IOjVjbqv8JIDMNHmxIqC7JID"}
[info] i  cloud.firestore: checking firestore.rules for compilation errors... 
[debug] [2026-02-23T19:42:06.878Z] Checked if tokens are valid: true, expires at: 1771879318690
[debug] [2026-02-23T19:42:06.878Z] Checked if tokens are valid: true, expires at: 1771879318690
[debug] [2026-02-23T19:42:06.878Z] >>> [apiv2][query] POST https://firebaserules.googleapis.com/v1/projects/leaseease-updated:test [none]
[debug] [2026-02-23T19:42:06.878Z] >>> [apiv2][body] POST https://firebaserules.googleapis.com/v1/projects/leaseease-updated:test [omitted]
[debug] [2026-02-23T19:42:10.271Z] <<< [apiv2][status] POST https://firebaserules.googleapis.com/v1/projects/leaseease-updated:test 200
[debug] [2026-02-23T19:42:10.271Z] <<< [apiv2][body] POST https://firebaserules.googleapis.com/v1/projects/leaseease-updated:test {}
[info] ✔  cloud.firestore: rules file firestore.rules compiled successfully 
[debug] [2026-02-23T19:42:10.273Z] Checked if tokens are valid: true, expires at: 1771879318690
[debug] [2026-02-23T19:42:10.273Z] Checked if tokens are valid: true, expires at: 1771879318690
[debug] [2026-02-23T19:42:10.273Z] >>> [apiv2][query] GET https://cloudresourcemanager.googleapis.com/v1/projects/leaseease-updated [none]
[debug] [2026-02-23T19:42:11.873Z] <<< [apiv2][status] GET https://cloudresourcemanager.googleapis.com/v1/projects/leaseease-updated 200
[debug] [2026-02-23T19:42:11.873Z] <<< [apiv2][body] GET https://cloudresourcemanager.googleapis.com/v1/projects/leaseease-updated {"projectNumber":"608675835471","projectId":"leaseease-updated","lifecycleState":"ACTIVE","name":"LeaseEase Updated","labels":{"firebase":"enabled","firebase-core":"disabled"},"createTime":"2026-02-22T01:25:57.663379Z"}
[info] i  functions: preparing codebase default for deployment 
[info] i  functions: ensuring required API cloudfunctions.googleapis.com is enabled... 
[info] i  functions: ensuring required API cloudbuild.googleapis.com is enabled... 
[info] i  artifactregistry: ensuring required API artifactregistry.googleapis.com is enabled... 
[debug] [2026-02-23T19:42:11.878Z] Checked if tokens are valid: true, expires at: 1771879318690
[debug] [2026-02-23T19:42:11.878Z] Checked if tokens are valid: true, expires at: 1771879318690
[debug] [2026-02-23T19:42:11.878Z] >>> [apiv2][query] GET https://firebase.googleapis.com/v1beta1/projects/leaseease-updated/adminSdkConfig [none]
[debug] [2026-02-23T19:42:12.676Z] <<< [apiv2][status] GET https://firebase.googleapis.com/v1beta1/projects/leaseease-updated/adminSdkConfig 200
[debug] [2026-02-23T19:42:12.676Z] <<< [apiv2][body] GET https://firebase.googleapis.com/v1beta1/projects/leaseease-updated/adminSdkConfig {"projectId":"leaseease-updated","storageBucket":"leaseease-updated.firebasestorage.app"}
[debug] [2026-02-23T19:42:12.682Z] Validating nodejs source
[warn] ⚠  functions: package.json indicates an outdated version of firebase-functions. Please upgrade using npm install --save firebase-functions@latest in your functions directory. 
[warn] ⚠  functions: Please note that there will be breaking changes when you upgrade. 
[debug] [2026-02-23T19:42:14.608Z] > [functions] package.json contents: {
  "name": "leaseease-functions",
  "description": "LeaseEase Cloud Functions — automation engine",
  "main": "index.js",
  "engines": {
    "node": "22"
  },
  "scripts": {
    "lint": "eslint .",
    "serve": "firebase emulators:start --only functions",
    "deploy": "firebase deploy --only functions"
  },
  "dependencies": {
    "firebase-admin": "^12.0.0",
    "firebase-functions": "^5.0.0",
    "jspdf": "^2.5.2",
    "stripe": "^14.0.0"
  },
  "devDependencies": {
    "eslint": "^8.56.0"
  },
  "private": true
}
[debug] [2026-02-23T19:42:14.609Z] Building nodejs source
[info] i  functions: Loading and analyzing source code for codebase default to determine what to deploy 
[debug] [2026-02-23T19:42:14.609Z] Could not find functions.yaml. Must use http discovery
[debug] [2026-02-23T19:42:14.614Z] Found firebase-functions binary at '/Users/duke/Downloads/LeaseEaseWeb updated/functions/node_modules/.bin/firebase-functions'
[info] Serving at port 8471

[error] (node:8604) [DEP0040] DeprecationWarning: The `punycode` module is deprecated. Please use a userland alternative instead.
(Use `node --trace-deprecation ...` to show where the warning was created)

[debug] [2026-02-23T19:42:14.985Z] Got response from /__/functions.yaml {"endpoints":{"generateRecurringInvoices":{"availableMemoryMb":null,"timeoutSeconds":null,"minInstances":null,"maxInstances":null,"ingressSettings":null,"concurrency":null,"serviceAccountEmail":null,"vpc":null,"platform":"gcfv2","labels":{},"scheduleTrigger":{"schedule":"every day 06:00","retryConfig":{"retryCount":null,"maxDoublings":null,"maxRetrySeconds":null,"minBackoffSeconds":null,"maxBackoffSeconds":null},"timeZone":null},"entryPoint":"generateRecurringInvoices"},"checkOverdueInvoices":{"availableMemoryMb":null,"timeoutSeconds":null,"minInstances":null,"maxInstances":null,"ingressSettings":null,"concurrency":null,"serviceAccountEmail":null,"vpc":null,"platform":"gcfv2","labels":{},"scheduleTrigger":{"schedule":"every day 07:00","retryConfig":{"retryCount":null,"maxDoublings":null,"maxRetrySeconds":null,"minBackoffSeconds":null,"maxBackoffSeconds":null},"timeZone":null},"entryPoint":"checkOverdueInvoices"},"scheduleReminders":{"availableMemoryMb":null,"timeoutSeconds":null,"minInstances":null,"maxInstances":null,"ingressSettings":null,"concurrency":null,"serviceAccountEmail":null,"vpc":null,"platform":"gcfv2","labels":{},"scheduleTrigger":{"schedule":"every day 08:00","retryConfig":{"retryCount":null,"maxDoublings":null,"maxRetrySeconds":null,"minBackoffSeconds":null,"maxBackoffSeconds":null},"timeZone":null},"entryPoint":"scheduleReminders"},"stripeWebhook":{"availableMemoryMb":null,"timeoutSeconds":null,"minInstances":null,"maxInstances":null,"ingressSettings":null,"concurrency":null,"serviceAccountEmail":null,"vpc":null,"platform":"gcfv2","labels":{},"httpsTrigger":{},"entryPoint":"stripeWebhook"},"paystackWebhook":{"availableMemoryMb":null,"timeoutSeconds":null,"minInstances":null,"maxInstances":null,"ingressSettings":null,"concurrency":null,"serviceAccountEmail":null,"vpc":null,"platform":"gcfv2","labels":{},"httpsTrigger":{},"entryPoint":"paystackWebhook"},"onTenancyClosed":{"availableMemoryMb":null,"timeoutSeconds":null,"minInstances":null,"maxInstances":null,"ingressSettings":null,"concurrency":null,"serviceAccountEmail":null,"vpc":null,"platform":"gcfv2","labels":{},"eventTrigger":{"eventType":"google.cloud.firestore.document.v1.updated","eventFilters":{"database":"(default)","namespace":"(default)"},"eventFilterPathPatterns":{"document":"tenancies/{tenancyId}"},"retry":false},"entryPoint":"onTenancyClosed"},"acceptUnitInvite":{"availableMemoryMb":null,"timeoutSeconds":null,"minInstances":null,"maxInstances":null,"ingressSettings":null,"concurrency":null,"serviceAccountEmail":null,"vpc":null,"platform":"gcfv2","labels":{},"callableTrigger":{},"entryPoint":"acceptUnitInvite"}},"specVersion":"v1alpha1","requiredAPIs":[{"api":"cloudscheduler.googleapis.com","reason":"Needed for scheduled functions."}],"extensions":{}}
[info] i  extensions: ensuring required API firebaseextensions.googleapis.com is enabled... 
[debug] [2026-02-23T19:42:19.017Z] > command requires scopes: ["email","openid","https://www.googleapis.com/auth/cloudplatformprojects.readonly","https://www.googleapis.com/auth/firebase","https://www.googleapis.com/auth/cloud-platform"]
[debug] [2026-02-23T19:42:19.018Z] > authorizing via signed-in user (adamsabdullateef5@gmail.com)
[debug] [2026-02-23T19:42:19.018Z] [iam] checking project leaseease-updated for permissions ["firebase.projects.get","firebaseextensions.instances.list"]
[debug] [2026-02-23T19:42:19.018Z] Checked if tokens are valid: true, expires at: 1771879318690
[debug] [2026-02-23T19:42:19.018Z] Checked if tokens are valid: true, expires at: 1771879318690
[debug] [2026-02-23T19:42:19.018Z] >>> [apiv2][query] POST https://cloudresourcemanager.googleapis.com/v1/projects/leaseease-updated:testIamPermissions [none]
[debug] [2026-02-23T19:42:19.018Z] >>> [apiv2][(partial)header] POST https://cloudresourcemanager.googleapis.com/v1/projects/leaseease-updated:testIamPermissions  x-goog-user-project=leaseease-updated
[debug] [2026-02-23T19:42:19.018Z] >>> [apiv2][body] POST https://cloudresourcemanager.googleapis.com/v1/projects/leaseease-updated:testIamPermissions {"permissions":["firebase.projects.get","firebaseextensions.instances.list"]}
[debug] [2026-02-23T19:42:20.957Z] <<< [apiv2][status] POST https://cloudresourcemanager.googleapis.com/v1/projects/leaseease-updated:testIamPermissions 200
[debug] [2026-02-23T19:42:20.957Z] <<< [apiv2][body] POST https://cloudresourcemanager.googleapis.com/v1/projects/leaseease-updated:testIamPermissions {"permissions":["firebase.projects.get","firebaseextensions.instances.list"]}
[debug] [2026-02-23T19:42:20.959Z] Checked if tokens are valid: true, expires at: 1771879318690
[debug] [2026-02-23T19:42:20.959Z] Checked if tokens are valid: true, expires at: 1771879318690
[debug] [2026-02-23T19:42:20.960Z] >>> [apiv2][query] GET https://firebaseextensions.googleapis.com/v1beta/projects/leaseease-updated/instances pageSize=100&pageToken=
[debug] [2026-02-23T19:42:24.143Z] <<< [apiv2][status] GET https://firebaseextensions.googleapis.com/v1beta/projects/leaseease-updated/instances 200
[debug] [2026-02-23T19:42:24.143Z] <<< [apiv2][body] GET https://firebaseextensions.googleapis.com/v1beta/projects/leaseease-updated/instances {}
[info] i  functions: preparing functions directory for uploading... 
[info] i  functions: packaged /Users/duke/Downloads/LeaseEaseWeb updated/functions (50.61 KB) for uploading 
[debug] [2026-02-23T19:42:24.177Z] Checked if tokens are valid: true, expires at: 1771879318690
[debug] [2026-02-23T19:42:24.177Z] Checked if tokens are valid: true, expires at: 1771879318690
[debug] [2026-02-23T19:42:24.177Z] >>> [apiv2][query] GET https://cloudfunctions.googleapis.com/v1/projects/leaseease-updated/locations/-/functions [none]
[debug] [2026-02-23T19:42:26.480Z] <<< [apiv2][status] GET https://cloudfunctions.googleapis.com/v1/projects/leaseease-updated/locations/-/functions 200
[debug] [2026-02-23T19:42:26.480Z] <<< [apiv2][body] GET https://cloudfunctions.googleapis.com/v1/projects/leaseease-updated/locations/-/functions {}
[debug] [2026-02-23T19:42:26.481Z] Checked if tokens are valid: true, expires at: 1771879318690
[debug] [2026-02-23T19:42:26.481Z] Checked if tokens are valid: true, expires at: 1771879318690
[debug] [2026-02-23T19:42:26.481Z] >>> [apiv2][query] GET https://cloudfunctions.googleapis.com/v2/projects/leaseease-updated/locations/-/functions filter=environment%3D%22GEN_2%22
[debug] [2026-02-23T19:42:27.164Z] <<< [apiv2][status] GET https://cloudfunctions.googleapis.com/v2/projects/leaseease-updated/locations/-/functions 200
[debug] [2026-02-23T19:42:27.164Z] <<< [apiv2][body] GET https://cloudfunctions.googleapis.com/v2/projects/leaseease-updated/locations/-/functions {"functions":[{"name":"projects/leaseease-updated/locations/us-central1/functions/stripeWebhook","buildConfig":{"build":"projects/608675835471/locations/us-central1/builds/d6b52b62-fb0d-4c83-85ba-e579cdaa51a8","runtime":"nodejs22","entryPoint":"stripeWebhook","source":{"storageSource":{"bucket":"gcf-v2-sources-608675835471-us-central1","object":"stripeWebhook/function-source.zip","generation":"1771847314946379"}},"environmentVariables":{"GOOGLE_NODE_RUN_SCRIPTS":""},"dockerRepository":"projects/leaseease-updated/locations/us-central1/repositories/gcf-artifacts","sourceProvenance":{"resolvedStorageSource":{"bucket":"gcf-v2-sources-608675835471-us-central1","object":"stripeWebhook/function-source.zip","generation":"1771847314946379"}},"dockerRegistry":"ARTIFACT_REGISTRY","serviceAccount":"projects/leaseease-updated/serviceAccounts/608675835471-compute@developer.gserviceaccount.com","automaticUpdatePolicy":{}},"serviceConfig":{"service":"projects/leaseease-updated/locations/us-central1/services/stripewebhook","timeoutSeconds":60,"environmentVariables":{"FIREBASE_CONFIG":"{\"projectId\":\"leaseease-updated\",\"storageBucket\":\"leaseease-updated.firebasestorage.app\"}","GCLOUD_PROJECT":"leaseease-updated","EVENTARC_CLOUD_EVENT_SOURCE":"projects/leaseease-updated/locations/us-central1/services/stripeWebhook","FUNCTION_TARGET":"stripeWebhook","LOG_EXECUTION_ID":"true","FUNCTION_SIGNATURE_TYPE":"http"},"ingressSettings":"ALLOW_ALL","uri":"https://stripewebhook-lezkrkn2da-uc.a.run.app","serviceAccountEmail":"608675835471-compute@developer.gserviceaccount.com","availableMemory":"256Mi","allTrafficOnLatestRevision":true,"revision":"stripewebhook-00001-zit","maxInstanceRequestConcurrency":80,"availableCpu":"1"},"state":"ACTIVE","updateTime":"2026-02-23T11:48:41.396132217Z","labels":{"firebase-functions-hash":"5378e92a06d2fb1073df41103774727fabc74666","deployment-tool":"cli-firebase"},"environment":"GEN_2","url":"https://us-central1-leaseease-updated.cloudfunctions.net/stripeWebhook","createTime":"2026-02-23T11:48:35.136220010Z","satisfiesPzi":true},{"name":"projects/leaseease-updated/locations/us-central1/functions/checkOverdueInvoices","buildConfig":{"build":"projects/608675835471/locations/us-central1/builds/d6b52b62-fb0d-4c83-85ba-e579cdaa51a8","runtime":"nodejs22","entryPoint":"checkOverdueInvoices","source":{"storageSource":{"bucket":"gcf-v2-sources-608675835471-us-central1","object":"checkOverdueInvoices/function-source.zip","generation":"1771847314619501"}},"environmentVariables":{"GOOGLE_NODE_RUN_SCRIPTS":""},"dockerRepository":"projects/leaseease-updated/locations/us-central1/repositories/gcf-artifacts","sourceProvenance":{"resolvedStorageSource":{"bucket":"gcf-v2-sources-608675835471-us-central1","object":"checkOverdueInvoices/function-source.zip","generation":"1771847314619501"}},"dockerRegistry":"ARTIFACT_REGISTRY","serviceAccount":"projects/leaseease-updated/serviceAccounts/608675835471-compute@developer.gserviceaccount.com","automaticUpdatePolicy":{}},"serviceConfig":{"service":"projects/leaseease-updated/locations/us-central1/services/checkoverdueinvoices","timeoutSeconds":60,"environmentVariables":{"FIREBASE_CONFIG":"{\"projectId\":\"leaseease-updated\",\"storageBucket\":\"leaseease-updated.firebasestorage.app\"}","GCLOUD_PROJECT":"leaseease-updated","EVENTARC_CLOUD_EVENT_SOURCE":"projects/leaseease-updated/locations/us-central1/services/checkOverdueInvoices","FUNCTION_TARGET":"checkOverdueInvoices","LOG_EXECUTION_ID":"true","FUNCTION_SIGNATURE_TYPE":"http"},"ingressSettings":"ALLOW_ALL","uri":"https://checkoverdueinvoices-lezkrkn2da-uc.a.run.app","serviceAccountEmail":"608675835471-compute@developer.gserviceaccount.com","availableMemory":"256Mi","allTrafficOnLatestRevision":true,"revision":"checkoverdueinvoices-00001-noc","maxInstanceRequestConcurrency":80,"availableCpu":"1"},"state":"ACTIVE","updateTime":"2026-02-23T11:48:41.387432204Z","labels":{"firebase-functions-hash":"5378e92a06d2fb1073df41103774727fabc74666","deployment-tool":"cli-firebase","deployment-scheduled":"true"},"environment":"GEN_2","url":"https://us-central1-leaseease-updated.cloudfunctions.net/checkOverdueInvoices","createTime":"2026-02-23T11:48:34.795567063Z","satisfiesPzi":true},{"name":"projects/leaseease-updated/locations/us-central1/functions/scheduleReminders","buildConfig":{"build":"projects/608675835471/locations/us-central1/builds/d6b52b62-fb0d-4c83-85ba-e579cdaa51a8","runtime":"nodejs22","entryPoint":"scheduleReminders","source":{"storageSource":{"bucket":"gcf-v2-sources-608675835471-us-central1","object":"scheduleReminders/function-source.zip","generation":"1771847315006520"}},"environmentVariables":{"GOOGLE_NODE_RUN_SCRIPTS":""},"dockerRepository":"projects/leaseease-updated/locations/us-central1/repositories/gcf-artifacts","sourceProvenance":{"resolvedStorageSource":{"bucket":"gcf-v2-sources-608675835471-us-central1","object":"scheduleReminders/function-source.zip","generation":"1771847315006520"}},"dockerRegistry":"ARTIFACT_REGISTRY","serviceAccount":"projects/leaseease-updated/serviceAccounts/608675835471-compute@developer.gserviceaccount.com","automaticUpdatePolicy":{}},"serviceConfig":{"service":"projects/leaseease-updated/locations/us-central1/services/schedulereminders","timeoutSeconds":60,"environmentVariables":{"FIREBASE_CONFIG":"{\"projectId\":\"leaseease-updated\",\"storageBucket\":\"leaseease-updated.firebasestorage.app\"}","GCLOUD_PROJECT":"leaseease-updated","EVENTARC_CLOUD_EVENT_SOURCE":"projects/leaseease-updated/locations/us-central1/services/scheduleReminders","FUNCTION_TARGET":"scheduleReminders","LOG_EXECUTION_ID":"true","FUNCTION_SIGNATURE_TYPE":"http"},"ingressSettings":"ALLOW_ALL","uri":"https://schedulereminders-lezkrkn2da-uc.a.run.app","serviceAccountEmail":"608675835471-compute@developer.gserviceaccount.com","availableMemory":"256Mi","allTrafficOnLatestRevision":true,"revision":"schedulereminders-00001-nov","maxInstanceRequestConcurrency":80,"availableCpu":"1"},"state":"ACTIVE","updateTime":"2026-02-23T11:48:43.242168847Z","labels":{"firebase-functions-hash":"5378e92a06d2fb1073df41103774727fabc74666","deployment-tool":"cli-firebase","deployment-scheduled":"true"},"environment":"GEN_2","url":"https://us-central1-leaseease-updated.cloudfunctions.net/scheduleReminders","createTime":"2026-02-23T11:48:35.188436324Z","satisfiesPzi":true},{"name":"projects/leaseease-updated/locations/us-central1/functions/onTenancyClosed","buildConfig":{"build":"projects/608675835471/locations/us-central1/builds/4422014b-5a3d-4669-86f1-028c319393fc","runtime":"nodejs22","entryPoint":"onTenancyClosed","source":{"storageSource":{"bucket":"gcf-v2-sources-608675835471-us-central1","object":"onTenancyClosed/function-source.zip","generation":"1771847775305200"}},"environmentVariables":{"GOOGLE_NODE_RUN_SCRIPTS":""},"dockerRepository":"projects/leaseease-updated/locations/us-central1/repositories/gcf-artifacts","sourceProvenance":{"resolvedStorageSource":{"bucket":"gcf-v2-sources-608675835471-us-central1","object":"onTenancyClosed/function-source.zip","generation":"1771847775305200"}},"dockerRegistry":"ARTIFACT_REGISTRY","serviceAccount":"projects/leaseease-updated/serviceAccounts/608675835471-compute@developer.gserviceaccount.com","automaticUpdatePolicy":{}},"serviceConfig":{"service":"projects/leaseease-updated/locations/us-central1/services/ontenancyclosed","timeoutSeconds":60,"environmentVariables":{"FIREBASE_CONFIG":"{\"projectId\":\"leaseease-updated\",\"storageBucket\":\"leaseease-updated.firebasestorage.app\"}","GCLOUD_PROJECT":"leaseease-updated","EVENTARC_CLOUD_EVENT_SOURCE":"projects/leaseease-updated/locations/us-central1/services/onTenancyClosed","FUNCTION_SIGNATURE_TYPE":"cloudevent","FUNCTION_TARGET":"onTenancyClosed","LOG_EXECUTION_ID":"true"},"ingressSettings":"ALLOW_ALL","uri":"https://ontenancyclosed-lezkrkn2da-uc.a.run.app","serviceAccountEmail":"608675835471-compute@developer.gserviceaccount.com","availableMemory":"256Mi","allTrafficOnLatestRevision":true,"revision":"ontenancyclosed-00001-kev","maxInstanceRequestConcurrency":80,"availableCpu":"1"},"eventTrigger":{"trigger":"projects/leaseease-updated/locations/europe-west1/triggers/ontenancyclosed-058961","triggerRegion":"europe-west1","eventType":"google.cloud.firestore.document.v1.updated","eventFilters":[{"attribute":"database","value":"(default)"},{"attribute":"namespace","value":"(default)"},{"attribute":"document","value":"tenancies/{tenancyId}","operator":"match-path-pattern"}],"pubsubTopic":"projects/leaseease-updated/topics/eventarc-europe-west1-ontenancyclosed-058961-911","serviceAccountEmail":"608675835471-compute@developer.gserviceaccount.com","retryPolicy":"RETRY_POLICY_DO_NOT_RETRY"},"state":"ACTIVE","updateTime":"2026-02-23T11:57:40.773749110Z","labels":{"deployment-tool":"cli-firebase","firebase-functions-hash":"5378e92a06d2fb1073df41103774727fabc74666"},"environment":"GEN_2","url":"https://us-central1-leaseease-updated.cloudfunctions.net/onTenancyClosed","createTime":"2026-02-23T11:56:16.757463189Z","satisfiesPzi":true},{"name":"projects/leaseease-updated/locations/us-central1/functions/paystackWebhook","buildConfig":{"build":"projects/608675835471/locations/us-central1/builds/d6b52b62-fb0d-4c83-85ba-e579cdaa51a8","runtime":"nodejs22","entryPoint":"paystackWebhook","source":{"storageSource":{"bucket":"gcf-v2-sources-608675835471-us-central1","object":"paystackWebhook/function-source.zip","generation":"1771847314933474"}},"environmentVariables":{"GOOGLE_NODE_RUN_SCRIPTS":""},"dockerRepository":"projects/leaseease-updated/locations/us-central1/repositories/gcf-artifacts","sourceProvenance":{"resolvedStorageSource":{"bucket":"gcf-v2-sources-608675835471-us-central1","object":"paystackWebhook/function-source.zip","generation":"1771847314933474"}},"dockerRegistry":"ARTIFACT_REGISTRY","serviceAccount":"projects/leaseease-updated/serviceAccounts/608675835471-compute@developer.gserviceaccount.com","automaticUpdatePolicy":{}},"serviceConfig":{"service":"projects/leaseease-updated/locations/us-central1/services/paystackwebhook","timeoutSeconds":60,"environmentVariables":{"FIREBASE_CONFIG":"{\"projectId\":\"leaseease-updated\",\"storageBucket\":\"leaseease-updated.firebasestorage.app\"}","GCLOUD_PROJECT":"leaseease-updated","EVENTARC_CLOUD_EVENT_SOURCE":"projects/leaseease-updated/locations/us-central1/services/paystackWebhook","FUNCTION_TARGET":"paystackWebhook","LOG_EXECUTION_ID":"true","FUNCTION_SIGNATURE_TYPE":"http"},"ingressSettings":"ALLOW_ALL","uri":"https://paystackwebhook-lezkrkn2da-uc.a.run.app","serviceAccountEmail":"608675835471-compute@developer.gserviceaccount.com","availableMemory":"256Mi","allTrafficOnLatestRevision":true,"revision":"paystackwebhook-00001-den","maxInstanceRequestConcurrency":80,"availableCpu":"1"},"state":"ACTIVE","updateTime":"2026-02-23T11:48:41.481107552Z","labels":{"firebase-functions-hash":"5378e92a06d2fb1073df41103774727fabc74666","deployment-tool":"cli-firebase"},"environment":"GEN_2","url":"https://us-central1-leaseease-updated.cloudfunctions.net/paystackWebhook","createTime":"2026-02-23T11:48:35.139102159Z","satisfiesPzi":true},{"name":"projects/leaseease-updated/locations/us-central1/functions/generateRecurringInvoices","buildConfig":{"build":"projects/608675835471/locations/us-central1/builds/d6b52b62-fb0d-4c83-85ba-e579cdaa51a8","runtime":"nodejs22","entryPoint":"generateRecurringInvoices","source":{"storageSource":{"bucket":"gcf-v2-sources-608675835471-us-central1","object":"generateRecurringInvoices/function-source.zip","generation":"1771847258709842"}},"environmentVariables":{"GOOGLE_NODE_RUN_SCRIPTS":""},"dockerRepository":"projects/leaseease-updated/locations/us-central1/repositories/gcf-artifacts","sourceProvenance":{"resolvedStorageSource":{"bucket":"gcf-v2-sources-608675835471-us-central1","object":"generateRecurringInvoices/function-source.zip","generation":"1771847258709842"}},"dockerRegistry":"ARTIFACT_REGISTRY","serviceAccount":"projects/leaseease-updated/serviceAccounts/608675835471-compute@developer.gserviceaccount.com","automaticUpdatePolicy":{}},"serviceConfig":{"service":"projects/leaseease-updated/locations/us-central1/services/generaterecurringinvoices","timeoutSeconds":60,"environmentVariables":{"FIREBASE_CONFIG":"{\"projectId\":\"leaseease-updated\",\"storageBucket\":\"leaseease-updated.firebasestorage.app\"}","GCLOUD_PROJECT":"leaseease-updated","EVENTARC_CLOUD_EVENT_SOURCE":"projects/leaseease-updated/locations/us-central1/services/generateRecurringInvoices","FUNCTION_TARGET":"generateRecurringInvoices","LOG_EXECUTION_ID":"true"},"ingressSettings":"ALLOW_ALL","uri":"https://generaterecurringinvoices-lezkrkn2da-uc.a.run.app","serviceAccountEmail":"608675835471-compute@developer.gserviceaccount.com","availableMemory":"256Mi","allTrafficOnLatestRevision":true,"revision":"generaterecurringinvoices-00001-jug","maxInstanceRequestConcurrency":80,"availableCpu":"1"},"state":"ACTIVE","updateTime":"2026-02-23T11:48:34.049535466Z","labels":{"deployment-tool":"cli-firebase","deployment-scheduled":"true","firebase-functions-hash":"5378e92a06d2fb1073df41103774727fabc74666"},"environment":"GEN_2","url":"https://us-central1-leaseease-updated.cloudfunctions.net/generateRecurringInvoices","createTime":"2026-02-23T11:47:38.945625982Z","satisfiesPzi":true},{"name":"projects/leaseease-updated/locations/us-central1/functions/acceptUnitInvite","buildConfig":{"build":"projects/608675835471/locations/us-central1/builds/e65d653e-3469-4e4d-956f-e20040a99177","runtime":"nodejs22","entryPoint":"acceptUnitInvite","source":{"storageSource":{"bucket":"gcf-v2-sources-608675835471-us-central1","object":"acceptUnitInvite/function-source.zip","generation":"1771841025585367"}},"environmentVariables":{"GOOGLE_NODE_RUN_SCRIPTS":""},"dockerRepository":"projects/leaseease-updated/locations/us-central1/repositories/gcf-artifacts","sourceProvenance":{"resolvedStorageSource":{"bucket":"gcf-v2-sources-608675835471-us-central1","object":"acceptUnitInvite/function-source.zip","generation":"1771841025585367"}},"dockerRegistry":"ARTIFACT_REGISTRY","serviceAccount":"projects/leaseease-updated/serviceAccounts/608675835471-compute@developer.gserviceaccount.com","automaticUpdatePolicy":{}},"serviceConfig":{"service":"projects/leaseease-updated/locations/us-central1/services/acceptunitinvite","timeoutSeconds":60,"environmentVariables":{"FIREBASE_CONFIG":"{\"projectId\":\"leaseease-updated\",\"storageBucket\":\"leaseease-updated.firebasestorage.app\"}","GCLOUD_PROJECT":"leaseease-updated","EVENTARC_CLOUD_EVENT_SOURCE":"projects/leaseease-updated/locations/us-central1/services/acceptUnitInvite","FUNCTION_TARGET":"acceptUnitInvite","LOG_EXECUTION_ID":"true"},"maxInstanceCount":20,"ingressSettings":"ALLOW_ALL","uri":"https://acceptunitinvite-lezkrkn2da-uc.a.run.app","serviceAccountEmail":"608675835471-compute@developer.gserviceaccount.com","availableMemory":"256Mi","allTrafficOnLatestRevision":true,"revision":"acceptunitinvite-00002-gus","maxInstanceRequestConcurrency":80,"availableCpu":"1"},"state":"ACTIVE","updateTime":"2026-02-23T10:04:42.974311268Z","labels":{"deployment-tool":"cli-firebase","deployment-callable":"true","firebase-functions-hash":"5378e92a06d2fb1073df41103774727fabc74666"},"environment":"GEN_2","url":"https://us-central1-leaseease-updated.cloudfunctions.net/acceptUnitInvite","createTime":"2026-02-23T09:48:56.633113197Z","satisfiesPzi":true}]}
[debug] [2026-02-23T19:42:27.167Z] Checked if tokens are valid: true, expires at: 1771879318690
[debug] [2026-02-23T19:42:27.167Z] Checked if tokens are valid: true, expires at: 1771879318690
[debug] [2026-02-23T19:42:27.167Z] >>> [apiv2][query] GET https://firestore.googleapis.com/v1/projects/leaseease-updated/databases/(default) [none]
[debug] [2026-02-23T19:42:27.797Z] <<< [apiv2][status] GET https://firestore.googleapis.com/v1/projects/leaseease-updated/databases/(default) 200
[debug] [2026-02-23T19:42:27.797Z] <<< [apiv2][body] GET https://firestore.googleapis.com/v1/projects/leaseease-updated/databases/(default) {"name":"projects/leaseease-updated/databases/(default)","uid":"5079801d-a859-4b50-81e5-0ddaa29d830b","createTime":"2026-02-22T01:31:24.625643Z","updateTime":"2026-02-22T01:31:24.625643Z","locationId":"europe-west1","type":"FIRESTORE_NATIVE","concurrencyMode":"PESSIMISTIC","versionRetentionPeriod":"3600s","earliestVersionTime":"2026-02-23T18:42:27.770514Z","appEngineIntegrationMode":"DISABLED","pointInTimeRecoveryEnablement":"POINT_IN_TIME_RECOVERY_DISABLED","deleteProtectionState":"DELETE_PROTECTION_DISABLED","databaseEdition":"STANDARD","freeTier":true,"realtimeUpdatesMode":"REALTIME_UPDATES_MODE_ENABLED","etag":"IMfdoMSv8JIDMNHmxIqC7JID"}
[info] i  functions: ensuring required API cloudscheduler.googleapis.com is enabled... 
[info] i  functions: ensuring required API run.googleapis.com is enabled... 
[info] i  functions: ensuring required API eventarc.googleapis.com is enabled... 
[info] i  functions: ensuring required API pubsub.googleapis.com is enabled... 
[info] i  functions: ensuring required API storage.googleapis.com is enabled... 
[info] i  functions: generating the service identity for pubsub.googleapis.com... 
[debug] [2026-02-23T19:42:27.802Z] Checked if tokens are valid: true, expires at: 1771879318690
[debug] [2026-02-23T19:42:27.802Z] Checked if tokens are valid: true, expires at: 1771879318690
[info] i  functions: generating the service identity for eventarc.googleapis.com... 
[debug] [2026-02-23T19:42:27.802Z] Checked if tokens are valid: true, expires at: 1771879318690
[debug] [2026-02-23T19:42:27.802Z] Checked if tokens are valid: true, expires at: 1771879318690
[debug] [2026-02-23T19:42:27.802Z] >>> [apiv2][query] POST https://serviceusage.googleapis.com/v1beta1/projects/608675835471/services/pubsub.googleapis.com:generateServiceIdentity [none]
[debug] [2026-02-23T19:42:27.802Z] >>> [apiv2][(partial)header] POST https://serviceusage.googleapis.com/v1beta1/projects/608675835471/services/pubsub.googleapis.com:generateServiceIdentity  x-goog-user-project=608675835471
[debug] [2026-02-23T19:42:27.802Z] >>> [apiv2][body] POST https://serviceusage.googleapis.com/v1beta1/projects/608675835471/services/pubsub.googleapis.com:generateServiceIdentity {}
[debug] [2026-02-23T19:42:27.803Z] >>> [apiv2][query] POST https://serviceusage.googleapis.com/v1beta1/projects/608675835471/services/eventarc.googleapis.com:generateServiceIdentity [none]
[debug] [2026-02-23T19:42:27.804Z] >>> [apiv2][(partial)header] POST https://serviceusage.googleapis.com/v1beta1/projects/608675835471/services/eventarc.googleapis.com:generateServiceIdentity  x-goog-user-project=608675835471
[debug] [2026-02-23T19:42:27.804Z] >>> [apiv2][body] POST https://serviceusage.googleapis.com/v1beta1/projects/608675835471/services/eventarc.googleapis.com:generateServiceIdentity {}
[debug] [2026-02-23T19:42:29.346Z] <<< [apiv2][status] POST https://serviceusage.googleapis.com/v1beta1/projects/608675835471/services/eventarc.googleapis.com:generateServiceIdentity 200
[debug] [2026-02-23T19:42:29.347Z] <<< [apiv2][body] POST https://serviceusage.googleapis.com/v1beta1/projects/608675835471/services/eventarc.googleapis.com:generateServiceIdentity {"name":"operations/finished.DONE_OPERATION","done":true,"response":{"@type":"type.googleapis.com/google.api.serviceusage.v1beta1.ServiceIdentity","email":"service-608675835471@gcp-sa-eventarc.iam.gserviceaccount.com","uniqueId":"111486168264368764025"}}
[debug] [2026-02-23T19:42:29.390Z] <<< [apiv2][status] POST https://serviceusage.googleapis.com/v1beta1/projects/608675835471/services/pubsub.googleapis.com:generateServiceIdentity 200
[debug] [2026-02-23T19:42:29.390Z] <<< [apiv2][body] POST https://serviceusage.googleapis.com/v1beta1/projects/608675835471/services/pubsub.googleapis.com:generateServiceIdentity {"name":"operations/finished.DONE_OPERATION","done":true,"response":{"@type":"type.googleapis.com/google.api.serviceusage.v1beta1.ServiceIdentity","email":"service-608675835471@gcp-sa-pubsub.iam.gserviceaccount.com","uniqueId":"111706136866191750105"}}
[debug] [2026-02-23T19:42:29.394Z] Checked if tokens are valid: true, expires at: 1771879318690
[debug] [2026-02-23T19:42:29.395Z] Checked if tokens are valid: true, expires at: 1771879318690
[debug] [2026-02-23T19:42:29.395Z] >>> [apiv2][query] GET https://cloudresourcemanager.googleapis.com/v1/projects/leaseease-updated [none]
[debug] [2026-02-23T19:42:31.071Z] <<< [apiv2][status] GET https://cloudresourcemanager.googleapis.com/v1/projects/leaseease-updated 200
[debug] [2026-02-23T19:42:31.072Z] <<< [apiv2][body] GET https://cloudresourcemanager.googleapis.com/v1/projects/leaseease-updated {"projectNumber":"608675835471","projectId":"leaseease-updated","lifecycleState":"ACTIVE","name":"LeaseEase Updated","labels":{"firebase":"enabled","firebase-core":"disabled"},"createTime":"2026-02-22T01:25:57.663379Z"}
[debug] [2026-02-23T19:42:31.073Z] Checked if tokens are valid: true, expires at: 1771879318690
[debug] [2026-02-23T19:42:31.073Z] Checked if tokens are valid: true, expires at: 1771879318690
[debug] [2026-02-23T19:42:31.073Z] >>> [apiv2][query] GET https://compute.googleapis.com/compute/v1/projects/608675835471 [none]
[debug] [2026-02-23T19:42:32.388Z] <<< [apiv2][status] GET https://compute.googleapis.com/compute/v1/projects/608675835471 403
[debug] [2026-02-23T19:42:32.389Z] <<< [apiv2][body] GET https://compute.googleapis.com/compute/v1/projects/608675835471 {"error":{"code":403,"message":"Compute Engine API has not been used in project 608675835471 before or it is disabled. Enable it by visiting https://console.developers.google.com/apis/api/compute.googleapis.com/overview?project=608675835471 then retry. If you enabled this API recently, wait a few minutes for the action to propagate to our systems and retry.","errors":[{"message":"Compute Engine API has not been used in project 608675835471 before or it is disabled. Enable it by visiting https://console.developers.google.com/apis/api/compute.googleapis.com/overview?project=608675835471 then retry. If you enabled this API recently, wait a few minutes for the action to propagate to our systems and retry.","domain":"usageLimits","reason":"accessNotConfigured","extendedHelp":"https://console.developers.google.com"}],"status":"PERMISSION_DENIED","details":[{"@type":"type.googleapis.com/google.rpc.ErrorInfo","reason":"SERVICE_DISABLED","domain":"googleapis.com","metadata":{"activationUrl":"https://console.developers.google.com/apis/api/compute.googleapis.com/overview?project=608675835471","service":"compute.googleapis.com","serviceTitle":"Compute Engine API","consumer":"projects/608675835471","containerInfo":"608675835471"}},{"@type":"type.googleapis.com/google.rpc.LocalizedMessage","locale":"en-US","message":"Compute Engine API has not been used in project 608675835471 before or it is disabled. Enable it by visiting https://console.developers.google.com/apis/api/compute.googleapis.com/overview?project=608675835471 then retry. If you enabled this API recently, wait a few minutes for the action to propagate to our systems and retry."},{"@type":"type.googleapis.com/google.rpc.Help","links":[{"description":"Google developers console API activation","url":"https://console.developers.google.com/apis/api/compute.googleapis.com/overview?project=608675835471"}]}]}}
[debug] [2026-02-23T19:42:32.390Z] unable to look up default compute service account. Falling back to 608675835471-compute@developer.gserviceaccount.com. Error: {"name":"FirebaseError","children":[],"context":{"body":{"error":{"code":403,"message":"Compute Engine API has not been used in project 608675835471 before or it is disabled. Enable it by visiting https://console.developers.google.com/apis/api/compute.googleapis.com/overview?project=608675835471 then retry. If you enabled this API recently, wait a few minutes for the action to propagate to our systems and retry.","errors":[{"message":"Compute Engine API has not been used in project 608675835471 before or it is disabled. Enable it by visiting https://console.developers.google.com/apis/api/compute.googleapis.com/overview?project=608675835471 then retry. If you enabled this API recently, wait a few minutes for the action to propagate to our systems and retry.","domain":"usageLimits","reason":"accessNotConfigured","extendedHelp":"https://console.developers.google.com"}],"status":"PERMISSION_DENIED","details":[{"@type":"type.googleapis.com/google.rpc.ErrorInfo","reason":"SERVICE_DISABLED","domain":"googleapis.com","metadata":{"activationUrl":"https://console.developers.google.com/apis/api/compute.googleapis.com/overview?project=608675835471","service":"compute.googleapis.com","serviceTitle":"Compute Engine API","consumer":"projects/608675835471","containerInfo":"608675835471"}},{"@type":"type.googleapis.com/google.rpc.LocalizedMessage","locale":"en-US","message":"Compute Engine API has not been used in project 608675835471 before or it is disabled. Enable it by visiting https://console.developers.google.com/apis/api/compute.googleapis.com/overview?project=608675835471 then retry. If you enabled this API recently, wait a few minutes for the action to propagate to our systems and retry."},{"@type":"type.googleapis.com/google.rpc.Help","links":[{"description":"Google developers console API activation","url":"https://console.developers.google.com/apis/api/compute.googleapis.com/overview?project=608675835471"}]}]}},"response":{"statusCode":403}},"exit":1,"message":"Request to https://compute.googleapis.com/compute/v1/projects/608675835471 had HTTP Error: 403, Compute Engine API has not been used in project 608675835471 before or it is disabled. Enable it by visiting https://console.developers.google.com/apis/api/compute.googleapis.com/overview?project=608675835471 then retry. If you enabled this API recently, wait a few minutes for the action to propagate to our systems and retry.","status":403}
[debug] [2026-02-23T19:42:32.390Z] Checked if tokens are valid: true, expires at: 1771879318690
[debug] [2026-02-23T19:42:32.391Z] Checked if tokens are valid: true, expires at: 1771879318690
[debug] [2026-02-23T19:42:32.391Z] >>> [apiv2][query] GET https://compute.googleapis.com/compute/v1/projects/608675835471 [none]
[debug] [2026-02-23T19:42:32.693Z] <<< [apiv2][status] GET https://compute.googleapis.com/compute/v1/projects/608675835471 403
[debug] [2026-02-23T19:42:32.694Z] <<< [apiv2][body] GET https://compute.googleapis.com/compute/v1/projects/608675835471 {"error":{"code":403,"message":"Compute Engine API has not been used in project 608675835471 before or it is disabled. Enable it by visiting https://console.developers.google.com/apis/api/compute.googleapis.com/overview?project=608675835471 then retry. If you enabled this API recently, wait a few minutes for the action to propagate to our systems and retry.","errors":[{"message":"Compute Engine API has not been used in project 608675835471 before or it is disabled. Enable it by visiting https://console.developers.google.com/apis/api/compute.googleapis.com/overview?project=608675835471 then retry. If you enabled this API recently, wait a few minutes for the action to propagate to our systems and retry.","domain":"usageLimits","reason":"accessNotConfigured","extendedHelp":"https://console.developers.google.com"}],"status":"PERMISSION_DENIED","details":[{"@type":"type.googleapis.com/google.rpc.ErrorInfo","reason":"SERVICE_DISABLED","domain":"googleapis.com","metadata":{"consumer":"projects/608675835471","service":"compute.googleapis.com","activationUrl":"https://console.developers.google.com/apis/api/compute.googleapis.com/overview?project=608675835471","containerInfo":"608675835471","serviceTitle":"Compute Engine API"}},{"@type":"type.googleapis.com/google.rpc.LocalizedMessage","locale":"en-US","message":"Compute Engine API has not been used in project 608675835471 before or it is disabled. Enable it by visiting https://console.developers.google.com/apis/api/compute.googleapis.com/overview?project=608675835471 then retry. If you enabled this API recently, wait a few minutes for the action to propagate to our systems and retry."},{"@type":"type.googleapis.com/google.rpc.Help","links":[{"description":"Google developers console API activation","url":"https://console.developers.google.com/apis/api/compute.googleapis.com/overview?project=608675835471"}]}]}}
[debug] [2026-02-23T19:42:32.694Z] unable to look up default compute service account. Falling back to 608675835471-compute@developer.gserviceaccount.com. Error: {"name":"FirebaseError","children":[],"context":{"body":{"error":{"code":403,"message":"Compute Engine API has not been used in project 608675835471 before or it is disabled. Enable it by visiting https://console.developers.google.com/apis/api/compute.googleapis.com/overview?project=608675835471 then retry. If you enabled this API recently, wait a few minutes for the action to propagate to our systems and retry.","errors":[{"message":"Compute Engine API has not been used in project 608675835471 before or it is disabled. Enable it by visiting https://console.developers.google.com/apis/api/compute.googleapis.com/overview?project=608675835471 then retry. If you enabled this API recently, wait a few minutes for the action to propagate to our systems and retry.","domain":"usageLimits","reason":"accessNotConfigured","extendedHelp":"https://console.developers.google.com"}],"status":"PERMISSION_DENIED","details":[{"@type":"type.googleapis.com/google.rpc.ErrorInfo","reason":"SERVICE_DISABLED","domain":"googleapis.com","metadata":{"consumer":"projects/608675835471","service":"compute.googleapis.com","activationUrl":"https://console.developers.google.com/apis/api/compute.googleapis.com/overview?project=608675835471","containerInfo":"608675835471","serviceTitle":"Compute Engine API"}},{"@type":"type.googleapis.com/google.rpc.LocalizedMessage","locale":"en-US","message":"Compute Engine API has not been used in project 608675835471 before or it is disabled. Enable it by visiting https://console.developers.google.com/apis/api/compute.googleapis.com/overview?project=608675835471 then retry. If you enabled this API recently, wait a few minutes for the action to propagate to our systems and retry."},{"@type":"type.googleapis.com/google.rpc.Help","links":[{"description":"Google developers console API activation","url":"https://console.developers.google.com/apis/api/compute.googleapis.com/overview?project=608675835471"}]}]}},"response":{"statusCode":403}},"exit":1,"message":"Request to https://compute.googleapis.com/compute/v1/projects/608675835471 had HTTP Error: 403, Compute Engine API has not been used in project 608675835471 before or it is disabled. Enable it by visiting https://console.developers.google.com/apis/api/compute.googleapis.com/overview?project=608675835471 then retry. If you enabled this API recently, wait a few minutes for the action to propagate to our systems and retry.","status":403}
[debug] [2026-02-23T19:42:32.695Z] Checked if tokens are valid: true, expires at: 1771879318690
[debug] [2026-02-23T19:42:32.695Z] Checked if tokens are valid: true, expires at: 1771879318690
[debug] [2026-02-23T19:42:32.695Z] >>> [apiv2][query] GET https://compute.googleapis.com/compute/v1/projects/608675835471 [none]
[debug] [2026-02-23T19:42:33.040Z] <<< [apiv2][status] GET https://compute.googleapis.com/compute/v1/projects/608675835471 403
[debug] [2026-02-23T19:42:33.040Z] <<< [apiv2][body] GET https://compute.googleapis.com/compute/v1/projects/608675835471 {"error":{"code":403,"message":"Compute Engine API has not been used in project 608675835471 before or it is disabled. Enable it by visiting https://console.developers.google.com/apis/api/compute.googleapis.com/overview?project=608675835471 then retry. If you enabled this API recently, wait a few minutes for the action to propagate to our systems and retry.","errors":[{"message":"Compute Engine API has not been used in project 608675835471 before or it is disabled. Enable it by visiting https://console.developers.google.com/apis/api/compute.googleapis.com/overview?project=608675835471 then retry. If you enabled this API recently, wait a few minutes for the action to propagate to our systems and retry.","domain":"usageLimits","reason":"accessNotConfigured","extendedHelp":"https://console.developers.google.com"}],"status":"PERMISSION_DENIED","details":[{"@type":"type.googleapis.com/google.rpc.ErrorInfo","reason":"SERVICE_DISABLED","domain":"googleapis.com","metadata":{"activationUrl":"https://console.developers.google.com/apis/api/compute.googleapis.com/overview?project=608675835471","consumer":"projects/608675835471","service":"compute.googleapis.com","containerInfo":"608675835471","serviceTitle":"Compute Engine API"}},{"@type":"type.googleapis.com/google.rpc.LocalizedMessage","locale":"en-US","message":"Compute Engine API has not been used in project 608675835471 before or it is disabled. Enable it by visiting https://console.developers.google.com/apis/api/compute.googleapis.com/overview?project=608675835471 then retry. If you enabled this API recently, wait a few minutes for the action to propagate to our systems and retry."},{"@type":"type.googleapis.com/google.rpc.Help","links":[{"description":"Google developers console API activation","url":"https://console.developers.google.com/apis/api/compute.googleapis.com/overview?project=608675835471"}]}]}}
[debug] [2026-02-23T19:42:33.041Z] unable to look up default compute service account. Falling back to 608675835471-compute@developer.gserviceaccount.com. Error: {"name":"FirebaseError","children":[],"context":{"body":{"error":{"code":403,"message":"Compute Engine API has not been used in project 608675835471 before or it is disabled. Enable it by visiting https://console.developers.google.com/apis/api/compute.googleapis.com/overview?project=608675835471 then retry. If you enabled this API recently, wait a few minutes for the action to propagate to our systems and retry.","errors":[{"message":"Compute Engine API has not been used in project 608675835471 before or it is disabled. Enable it by visiting https://console.developers.google.com/apis/api/compute.googleapis.com/overview?project=608675835471 then retry. If you enabled this API recently, wait a few minutes for the action to propagate to our systems and retry.","domain":"usageLimits","reason":"accessNotConfigured","extendedHelp":"https://console.developers.google.com"}],"status":"PERMISSION_DENIED","details":[{"@type":"type.googleapis.com/google.rpc.ErrorInfo","reason":"SERVICE_DISABLED","domain":"googleapis.com","metadata":{"activationUrl":"https://console.developers.google.com/apis/api/compute.googleapis.com/overview?project=608675835471","consumer":"projects/608675835471","service":"compute.googleapis.com","containerInfo":"608675835471","serviceTitle":"Compute Engine API"}},{"@type":"type.googleapis.com/google.rpc.LocalizedMessage","locale":"en-US","message":"Compute Engine API has not been used in project 608675835471 before or it is disabled. Enable it by visiting https://console.developers.google.com/apis/api/compute.googleapis.com/overview?project=608675835471 then retry. If you enabled this API recently, wait a few minutes for the action to propagate to our systems and retry."},{"@type":"type.googleapis.com/google.rpc.Help","links":[{"description":"Google developers console API activation","url":"https://console.developers.google.com/apis/api/compute.googleapis.com/overview?project=608675835471"}]}]}},"response":{"statusCode":403}},"exit":1,"message":"Request to https://compute.googleapis.com/compute/v1/projects/608675835471 had HTTP Error: 403, Compute Engine API has not been used in project 608675835471 before or it is disabled. Enable it by visiting https://console.developers.google.com/apis/api/compute.googleapis.com/overview?project=608675835471 then retry. If you enabled this API recently, wait a few minutes for the action to propagate to our systems and retry.","status":403}
[debug] [2026-02-23T19:42:33.041Z] Checked if tokens are valid: true, expires at: 1771879318690
[debug] [2026-02-23T19:42:33.041Z] Checked if tokens are valid: true, expires at: 1771879318690
[debug] [2026-02-23T19:42:33.041Z] >>> [apiv2][query] GET https://compute.googleapis.com/compute/v1/projects/608675835471 [none]
[debug] [2026-02-23T19:42:33.374Z] <<< [apiv2][status] GET https://compute.googleapis.com/compute/v1/projects/608675835471 403
[debug] [2026-02-23T19:42:33.375Z] <<< [apiv2][body] GET https://compute.googleapis.com/compute/v1/projects/608675835471 {"error":{"code":403,"message":"Compute Engine API has not been used in project 608675835471 before or it is disabled. Enable it by visiting https://console.developers.google.com/apis/api/compute.googleapis.com/overview?project=608675835471 then retry. If you enabled this API recently, wait a few minutes for the action to propagate to our systems and retry.","errors":[{"message":"Compute Engine API has not been used in project 608675835471 before or it is disabled. Enable it by visiting https://console.developers.google.com/apis/api/compute.googleapis.com/overview?project=608675835471 then retry. If you enabled this API recently, wait a few minutes for the action to propagate to our systems and retry.","domain":"usageLimits","reason":"accessNotConfigured","extendedHelp":"https://console.developers.google.com"}],"status":"PERMISSION_DENIED","details":[{"@type":"type.googleapis.com/google.rpc.ErrorInfo","reason":"SERVICE_DISABLED","domain":"googleapis.com","metadata":{"activationUrl":"https://console.developers.google.com/apis/api/compute.googleapis.com/overview?project=608675835471","serviceTitle":"Compute Engine API","consumer":"projects/608675835471","service":"compute.googleapis.com","containerInfo":"608675835471"}},{"@type":"type.googleapis.com/google.rpc.LocalizedMessage","locale":"en-US","message":"Compute Engine API has not been used in project 608675835471 before or it is disabled. Enable it by visiting https://console.developers.google.com/apis/api/compute.googleapis.com/overview?project=608675835471 then retry. If you enabled this API recently, wait a few minutes for the action to propagate to our systems and retry."},{"@type":"type.googleapis.com/google.rpc.Help","links":[{"description":"Google developers console API activation","url":"https://console.developers.google.com/apis/api/compute.googleapis.com/overview?project=608675835471"}]}]}}
[debug] [2026-02-23T19:42:33.375Z] unable to look up default compute service account. Falling back to 608675835471-compute@developer.gserviceaccount.com. Error: {"name":"FirebaseError","children":[],"context":{"body":{"error":{"code":403,"message":"Compute Engine API has not been used in project 608675835471 before or it is disabled. Enable it by visiting https://console.developers.google.com/apis/api/compute.googleapis.com/overview?project=608675835471 then retry. If you enabled this API recently, wait a few minutes for the action to propagate to our systems and retry.","errors":[{"message":"Compute Engine API has not been used in project 608675835471 before or it is disabled. Enable it by visiting https://console.developers.google.com/apis/api/compute.googleapis.com/overview?project=608675835471 then retry. If you enabled this API recently, wait a few minutes for the action to propagate to our systems and retry.","domain":"usageLimits","reason":"accessNotConfigured","extendedHelp":"https://console.developers.google.com"}],"status":"PERMISSION_DENIED","details":[{"@type":"type.googleapis.com/google.rpc.ErrorInfo","reason":"SERVICE_DISABLED","domain":"googleapis.com","metadata":{"activationUrl":"https://console.developers.google.com/apis/api/compute.googleapis.com/overview?project=608675835471","serviceTitle":"Compute Engine API","consumer":"projects/608675835471","service":"compute.googleapis.com","containerInfo":"608675835471"}},{"@type":"type.googleapis.com/google.rpc.LocalizedMessage","locale":"en-US","message":"Compute Engine API has not been used in project 608675835471 before or it is disabled. Enable it by visiting https://console.developers.google.com/apis/api/compute.googleapis.com/overview?project=608675835471 then retry. If you enabled this API recently, wait a few minutes for the action to propagate to our systems and retry."},{"@type":"type.googleapis.com/google.rpc.Help","links":[{"description":"Google developers console API activation","url":"https://console.developers.google.com/apis/api/compute.googleapis.com/overview?project=608675835471"}]}]}},"response":{"statusCode":403}},"exit":1,"message":"Request to https://compute.googleapis.com/compute/v1/projects/608675835471 had HTTP Error: 403, Compute Engine API has not been used in project 608675835471 before or it is disabled. Enable it by visiting https://console.developers.google.com/apis/api/compute.googleapis.com/overview?project=608675835471 then retry. If you enabled this API recently, wait a few minutes for the action to propagate to our systems and retry.","status":403}
[debug] [2026-02-23T19:42:33.376Z] Checked if tokens are valid: true, expires at: 1771879318690
[debug] [2026-02-23T19:42:33.376Z] Checked if tokens are valid: true, expires at: 1771879318690
[debug] [2026-02-23T19:42:33.376Z] >>> [apiv2][query] GET https://compute.googleapis.com/compute/v1/projects/608675835471 [none]
[debug] [2026-02-23T19:42:33.711Z] <<< [apiv2][status] GET https://compute.googleapis.com/compute/v1/projects/608675835471 403
[debug] [2026-02-23T19:42:33.712Z] <<< [apiv2][body] GET https://compute.googleapis.com/compute/v1/projects/608675835471 {"error":{"code":403,"message":"Compute Engine API has not been used in project 608675835471 before or it is disabled. Enable it by visiting https://console.developers.google.com/apis/api/compute.googleapis.com/overview?project=608675835471 then retry. If you enabled this API recently, wait a few minutes for the action to propagate to our systems and retry.","errors":[{"message":"Compute Engine API has not been used in project 608675835471 before or it is disabled. Enable it by visiting https://console.developers.google.com/apis/api/compute.googleapis.com/overview?project=608675835471 then retry. If you enabled this API recently, wait a few minutes for the action to propagate to our systems and retry.","domain":"usageLimits","reason":"accessNotConfigured","extendedHelp":"https://console.developers.google.com"}],"status":"PERMISSION_DENIED","details":[{"@type":"type.googleapis.com/google.rpc.ErrorInfo","reason":"SERVICE_DISABLED","domain":"googleapis.com","metadata":{"serviceTitle":"Compute Engine API","activationUrl":"https://console.developers.google.com/apis/api/compute.googleapis.com/overview?project=608675835471","consumer":"projects/608675835471","service":"compute.googleapis.com","containerInfo":"608675835471"}},{"@type":"type.googleapis.com/google.rpc.LocalizedMessage","locale":"en-US","message":"Compute Engine API has not been used in project 608675835471 before or it is disabled. Enable it by visiting https://console.developers.google.com/apis/api/compute.googleapis.com/overview?project=608675835471 then retry. If you enabled this API recently, wait a few minutes for the action to propagate to our systems and retry."},{"@type":"type.googleapis.com/google.rpc.Help","links":[{"description":"Google developers console API activation","url":"https://console.developers.google.com/apis/api/compute.googleapis.com/overview?project=608675835471"}]}]}}
[debug] [2026-02-23T19:42:33.712Z] unable to look up default compute service account. Falling back to 608675835471-compute@developer.gserviceaccount.com. Error: {"name":"FirebaseError","children":[],"context":{"body":{"error":{"code":403,"message":"Compute Engine API has not been used in project 608675835471 before or it is disabled. Enable it by visiting https://console.developers.google.com/apis/api/compute.googleapis.com/overview?project=608675835471 then retry. If you enabled this API recently, wait a few minutes for the action to propagate to our systems and retry.","errors":[{"message":"Compute Engine API has not been used in project 608675835471 before or it is disabled. Enable it by visiting https://console.developers.google.com/apis/api/compute.googleapis.com/overview?project=608675835471 then retry. If you enabled this API recently, wait a few minutes for the action to propagate to our systems and retry.","domain":"usageLimits","reason":"accessNotConfigured","extendedHelp":"https://console.developers.google.com"}],"status":"PERMISSION_DENIED","details":[{"@type":"type.googleapis.com/google.rpc.ErrorInfo","reason":"SERVICE_DISABLED","domain":"googleapis.com","metadata":{"serviceTitle":"Compute Engine API","activationUrl":"https://console.developers.google.com/apis/api/compute.googleapis.com/overview?project=608675835471","consumer":"projects/608675835471","service":"compute.googleapis.com","containerInfo":"608675835471"}},{"@type":"type.googleapis.com/google.rpc.LocalizedMessage","locale":"en-US","message":"Compute Engine API has not been used in project 608675835471 before or it is disabled. Enable it by visiting https://console.developers.google.com/apis/api/compute.googleapis.com/overview?project=608675835471 then retry. If you enabled this API recently, wait a few minutes for the action to propagate to our systems and retry."},{"@type":"type.googleapis.com/google.rpc.Help","links":[{"description":"Google developers console API activation","url":"https://console.developers.google.com/apis/api/compute.googleapis.com/overview?project=608675835471"}]}]}},"response":{"statusCode":403}},"exit":1,"message":"Request to https://compute.googleapis.com/compute/v1/projects/608675835471 had HTTP Error: 403, Compute Engine API has not been used in project 608675835471 before or it is disabled. Enable it by visiting https://console.developers.google.com/apis/api/compute.googleapis.com/overview?project=608675835471 then retry. If you enabled this API recently, wait a few minutes for the action to propagate to our systems and retry.","status":403}
[debug] [2026-02-23T19:42:33.712Z] Checked if tokens are valid: true, expires at: 1771879318690
[debug] [2026-02-23T19:42:33.712Z] Checked if tokens are valid: true, expires at: 1771879318690
[debug] [2026-02-23T19:42:33.713Z] >>> [apiv2][query] GET https://compute.googleapis.com/compute/v1/projects/608675835471 [none]
[debug] [2026-02-23T19:42:34.088Z] <<< [apiv2][status] GET https://compute.googleapis.com/compute/v1/projects/608675835471 403
[debug] [2026-02-23T19:42:34.089Z] <<< [apiv2][body] GET https://compute.googleapis.com/compute/v1/projects/608675835471 {"error":{"code":403,"message":"Compute Engine API has not been used in project 608675835471 before or it is disabled. Enable it by visiting https://console.developers.google.com/apis/api/compute.googleapis.com/overview?project=608675835471 then retry. If you enabled this API recently, wait a few minutes for the action to propagate to our systems and retry.","errors":[{"message":"Compute Engine API has not been used in project 608675835471 before or it is disabled. Enable it by visiting https://console.developers.google.com/apis/api/compute.googleapis.com/overview?project=608675835471 then retry. If you enabled this API recently, wait a few minutes for the action to propagate to our systems and retry.","domain":"usageLimits","reason":"accessNotConfigured","extendedHelp":"https://console.developers.google.com"}],"status":"PERMISSION_DENIED","details":[{"@type":"type.googleapis.com/google.rpc.ErrorInfo","reason":"SERVICE_DISABLED","domain":"googleapis.com","metadata":{"activationUrl":"https://console.developers.google.com/apis/api/compute.googleapis.com/overview?project=608675835471","serviceTitle":"Compute Engine API","service":"compute.googleapis.com","containerInfo":"608675835471","consumer":"projects/608675835471"}},{"@type":"type.googleapis.com/google.rpc.LocalizedMessage","locale":"en-US","message":"Compute Engine API has not been used in project 608675835471 before or it is disabled. Enable it by visiting https://console.developers.google.com/apis/api/compute.googleapis.com/overview?project=608675835471 then retry. If you enabled this API recently, wait a few minutes for the action to propagate to our systems and retry."},{"@type":"type.googleapis.com/google.rpc.Help","links":[{"description":"Google developers console API activation","url":"https://console.developers.google.com/apis/api/compute.googleapis.com/overview?project=608675835471"}]}]}}
[debug] [2026-02-23T19:42:34.089Z] unable to look up default compute service account. Falling back to 608675835471-compute@developer.gserviceaccount.com. Error: {"name":"FirebaseError","children":[],"context":{"body":{"error":{"code":403,"message":"Compute Engine API has not been used in project 608675835471 before or it is disabled. Enable it by visiting https://console.developers.google.com/apis/api/compute.googleapis.com/overview?project=608675835471 then retry. If you enabled this API recently, wait a few minutes for the action to propagate to our systems and retry.","errors":[{"message":"Compute Engine API has not been used in project 608675835471 before or it is disabled. Enable it by visiting https://console.developers.google.com/apis/api/compute.googleapis.com/overview?project=608675835471 then retry. If you enabled this API recently, wait a few minutes for the action to propagate to our systems and retry.","domain":"usageLimits","reason":"accessNotConfigured","extendedHelp":"https://console.developers.google.com"}],"status":"PERMISSION_DENIED","details":[{"@type":"type.googleapis.com/google.rpc.ErrorInfo","reason":"SERVICE_DISABLED","domain":"googleapis.com","metadata":{"activationUrl":"https://console.developers.google.com/apis/api/compute.googleapis.com/overview?project=608675835471","serviceTitle":"Compute Engine API","service":"compute.googleapis.com","containerInfo":"608675835471","consumer":"projects/608675835471"}},{"@type":"type.googleapis.com/google.rpc.LocalizedMessage","locale":"en-US","message":"Compute Engine API has not been used in project 608675835471 before or it is disabled. Enable it by visiting https://console.developers.google.com/apis/api/compute.googleapis.com/overview?project=608675835471 then retry. If you enabled this API recently, wait a few minutes for the action to propagate to our systems and retry."},{"@type":"type.googleapis.com/google.rpc.Help","links":[{"description":"Google developers console API activation","url":"https://console.developers.google.com/apis/api/compute.googleapis.com/overview?project=608675835471"}]}]}},"response":{"statusCode":403}},"exit":1,"message":"Request to https://compute.googleapis.com/compute/v1/projects/608675835471 had HTTP Error: 403, Compute Engine API has not been used in project 608675835471 before or it is disabled. Enable it by visiting https://console.developers.google.com/apis/api/compute.googleapis.com/overview?project=608675835471 then retry. If you enabled this API recently, wait a few minutes for the action to propagate to our systems and retry.","status":403}
[debug] [2026-02-23T19:42:34.089Z] Checked if tokens are valid: true, expires at: 1771879318690
[debug] [2026-02-23T19:42:34.089Z] Checked if tokens are valid: true, expires at: 1771879318690
[debug] [2026-02-23T19:42:34.089Z] >>> [apiv2][query] GET https://compute.googleapis.com/compute/v1/projects/608675835471 [none]
[debug] [2026-02-23T19:42:34.407Z] <<< [apiv2][status] GET https://compute.googleapis.com/compute/v1/projects/608675835471 403
[debug] [2026-02-23T19:42:34.407Z] <<< [apiv2][body] GET https://compute.googleapis.com/compute/v1/projects/608675835471 {"error":{"code":403,"message":"Compute Engine API has not been used in project 608675835471 before or it is disabled. Enable it by visiting https://console.developers.google.com/apis/api/compute.googleapis.com/overview?project=608675835471 then retry. If you enabled this API recently, wait a few minutes for the action to propagate to our systems and retry.","errors":[{"message":"Compute Engine API has not been used in project 608675835471 before or it is disabled. Enable it by visiting https://console.developers.google.com/apis/api/compute.googleapis.com/overview?project=608675835471 then retry. If you enabled this API recently, wait a few minutes for the action to propagate to our systems and retry.","domain":"usageLimits","reason":"accessNotConfigured","extendedHelp":"https://console.developers.google.com"}],"status":"PERMISSION_DENIED","details":[{"@type":"type.googleapis.com/google.rpc.ErrorInfo","reason":"SERVICE_DISABLED","domain":"googleapis.com","metadata":{"containerInfo":"608675835471","consumer":"projects/608675835471","service":"compute.googleapis.com","activationUrl":"https://console.developers.google.com/apis/api/compute.googleapis.com/overview?project=608675835471","serviceTitle":"Compute Engine API"}},{"@type":"type.googleapis.com/google.rpc.LocalizedMessage","locale":"en-US","message":"Compute Engine API has not been used in project 608675835471 before or it is disabled. Enable it by visiting https://console.developers.google.com/apis/api/compute.googleapis.com/overview?project=608675835471 then retry. If you enabled this API recently, wait a few minutes for the action to propagate to our systems and retry."},{"@type":"type.googleapis.com/google.rpc.Help","links":[{"description":"Google developers console API activation","url":"https://console.developers.google.com/apis/api/compute.googleapis.com/overview?project=608675835471"}]}]}}
[debug] [2026-02-23T19:42:34.408Z] unable to look up default compute service account. Falling back to 608675835471-compute@developer.gserviceaccount.com. Error: {"name":"FirebaseError","children":[],"context":{"body":{"error":{"code":403,"message":"Compute Engine API has not been used in project 608675835471 before or it is disabled. Enable it by visiting https://console.developers.google.com/apis/api/compute.googleapis.com/overview?project=608675835471 then retry. If you enabled this API recently, wait a few minutes for the action to propagate to our systems and retry.","errors":[{"message":"Compute Engine API has not been used in project 608675835471 before or it is disabled. Enable it by visiting https://console.developers.google.com/apis/api/compute.googleapis.com/overview?project=608675835471 then retry. If you enabled this API recently, wait a few minutes for the action to propagate to our systems and retry.","domain":"usageLimits","reason":"accessNotConfigured","extendedHelp":"https://console.developers.google.com"}],"status":"PERMISSION_DENIED","details":[{"@type":"type.googleapis.com/google.rpc.ErrorInfo","reason":"SERVICE_DISABLED","domain":"googleapis.com","metadata":{"containerInfo":"608675835471","consumer":"projects/608675835471","service":"compute.googleapis.com","activationUrl":"https://console.developers.google.com/apis/api/compute.googleapis.com/overview?project=608675835471","serviceTitle":"Compute Engine API"}},{"@type":"type.googleapis.com/google.rpc.LocalizedMessage","locale":"en-US","message":"Compute Engine API has not been used in project 608675835471 before or it is disabled. Enable it by visiting https://console.developers.google.com/apis/api/compute.googleapis.com/overview?project=608675835471 then retry. If you enabled this API recently, wait a few minutes for the action to propagate to our systems and retry."},{"@type":"type.googleapis.com/google.rpc.Help","links":[{"description":"Google developers console API activation","url":"https://console.developers.google.com/apis/api/compute.googleapis.com/overview?project=608675835471"}]}]}},"response":{"statusCode":403}},"exit":1,"message":"Request to https://compute.googleapis.com/compute/v1/projects/608675835471 had HTTP Error: 403, Compute Engine API has not been used in project 608675835471 before or it is disabled. Enable it by visiting https://console.developers.google.com/apis/api/compute.googleapis.com/overview?project=608675835471 then retry. If you enabled this API recently, wait a few minutes for the action to propagate to our systems and retry.","status":403}
[debug] [2026-02-23T19:42:34.413Z] Checked if tokens are valid: true, expires at: 1771879318690
[debug] [2026-02-23T19:42:34.413Z] Checked if tokens are valid: true, expires at: 1771879318690
[debug] [2026-02-23T19:42:34.414Z] >>> [apiv2][query] GET https://firebaserules.googleapis.com/v1/projects/leaseease-updated/releases pageSize=10&pageToken=
[debug] [2026-02-23T19:42:35.139Z] <<< [apiv2][status] GET https://firebaserules.googleapis.com/v1/projects/leaseease-updated/releases 200
[debug] [2026-02-23T19:42:35.140Z] <<< [apiv2][body] GET https://firebaserules.googleapis.com/v1/projects/leaseease-updated/releases {"releases":[{"name":"projects/leaseease-updated/releases/cloud.firestore","rulesetName":"projects/leaseease-updated/rulesets/8770c384-d624-46a0-80fa-3b6e5b85ad4e","createTime":"2026-02-22T01:31:29.503862Z","updateTime":"2026-02-23T19:26:24.628992Z"}]}
[debug] [2026-02-23T19:42:35.140Z] Checked if tokens are valid: true, expires at: 1771879318690
[debug] [2026-02-23T19:42:35.140Z] Checked if tokens are valid: true, expires at: 1771879318690
[debug] [2026-02-23T19:42:35.141Z] >>> [apiv2][query] GET https://firebaserules.googleapis.com/v1/projects/leaseease-updated/rulesets/8770c384-d624-46a0-80fa-3b6e5b85ad4e [none]
[debug] [2026-02-23T19:42:35.954Z] <<< [apiv2][status] GET https://firebaserules.googleapis.com/v1/projects/leaseease-updated/rulesets/8770c384-d624-46a0-80fa-3b6e5b85ad4e 200
[debug] [2026-02-23T19:42:35.954Z] <<< [apiv2][body] GET https://firebaserules.googleapis.com/v1/projects/leaseease-updated/rulesets/8770c384-d624-46a0-80fa-3b6e5b85ad4e [omitted]
[info] i  firestore: latest version of firestore.rules already up to date, skipping upload... 
[info] i  firestore: deploying indexes... 
[debug] [2026-02-23T19:42:35.957Z] Checked if tokens are valid: true, expires at: 1771879318690
[debug] [2026-02-23T19:42:35.957Z] Checked if tokens are valid: true, expires at: 1771879318690
[debug] [2026-02-23T19:42:35.957Z] >>> [apiv2][query] GET https://cloudbilling.googleapis.com/v1/projects/leaseease-updated/billingInfo [none]
[debug] [2026-02-23T19:42:37.057Z] <<< [apiv2][status] GET https://cloudbilling.googleapis.com/v1/projects/leaseease-updated/billingInfo 200
[debug] [2026-02-23T19:42:37.057Z] <<< [apiv2][body] GET https://cloudbilling.googleapis.com/v1/projects/leaseease-updated/billingInfo {"name":"projects/leaseease-updated/billingInfo","projectId":"leaseease-updated","billingAccountName":"billingAccounts/018973-C45CE0-ECC0F5","billingEnabled":true}
[debug] [2026-02-23T19:42:37.058Z] [rules] releasing cloud.firestore/(default) with ruleset projects/leaseease-updated/rulesets/8770c384-d624-46a0-80fa-3b6e5b85ad4e
[debug] [2026-02-23T19:42:37.059Z] Checked if tokens are valid: true, expires at: 1771879318690
[debug] [2026-02-23T19:42:37.059Z] Checked if tokens are valid: true, expires at: 1771879318690
[debug] [2026-02-23T19:42:37.059Z] >>> [apiv2][query] PATCH https://firebaserules.googleapis.com/v1/projects/leaseease-updated/releases/cloud.firestore/(default) [none]
[debug] [2026-02-23T19:42:37.059Z] >>> [apiv2][body] PATCH https://firebaserules.googleapis.com/v1/projects/leaseease-updated/releases/cloud.firestore/(default) {"release":{"name":"projects/leaseease-updated/releases/cloud.firestore/(default)","rulesetName":"projects/leaseease-updated/rulesets/8770c384-d624-46a0-80fa-3b6e5b85ad4e"}}
[debug] [2026-02-23T19:42:38.036Z] <<< [apiv2][status] PATCH https://firebaserules.googleapis.com/v1/projects/leaseease-updated/releases/cloud.firestore/(default) 200
[debug] [2026-02-23T19:42:38.036Z] <<< [apiv2][body] PATCH https://firebaserules.googleapis.com/v1/projects/leaseease-updated/releases/cloud.firestore/(default) {"name":"projects/leaseease-updated/releases/cloud.firestore","rulesetName":"projects/leaseease-updated/rulesets/8770c384-d624-46a0-80fa-3b6e5b85ad4e","createTime":"2026-02-22T01:31:29.503862Z","updateTime":"2026-02-23T19:42:37.973385Z"}
[debug] [2026-02-23T19:42:38.036Z] [rules] updated release projects/leaseease-updated/releases/cloud.firestore
[info] ✔  firestore: released rules firestore.rules to cloud.firestore 
[info] i  functions: Skipping the deploy of unchanged functions. 
[info] ✔  functions[generateRecurringInvoices(us-central1)] Skipped (No changes detected) 
[info] ✔  functions[checkOverdueInvoices(us-central1)] Skipped (No changes detected) 
[info] ✔  functions[scheduleReminders(us-central1)] Skipped (No changes detected) 
[info] ✔  functions[stripeWebhook(us-central1)] Skipped (No changes detected) 
[info] ✔  functions[paystackWebhook(us-central1)] Skipped (No changes detected) 
[info] ✔  functions[onTenancyClosed(us-central1)] Skipped (No changes detected) 
[info] ✔  functions[acceptUnitInvite(us-central1)] Skipped (No changes detected) 
[debug] [2026-02-23T19:42:38.043Z] Total Function Deployment time: 1
[debug] [2026-02-23T19:42:38.043Z] 0 Functions Deployed
[debug] [2026-02-23T19:42:38.043Z] 0 Functions Errored
[debug] [2026-02-23T19:42:38.043Z] 0 Function Deployments Aborted
[debug] [2026-02-23T19:42:38.043Z] Average Function Deployment time: NaN
[debug] [2026-02-23T19:42:38.517Z] Not printing URL for HTTPS function. Typically this means it didn't match a filter or we failed deployment
[debug] [2026-02-23T19:42:38.518Z] Not printing URL for HTTPS function. Typically this means it didn't match a filter or we failed deployment
[debug] [2026-02-23T19:42:38.520Z] Checked if tokens are valid: true, expires at: 1771879318690
[debug] [2026-02-23T19:42:38.520Z] Checked if tokens are valid: true, expires at: 1771879318690
[debug] [2026-02-23T19:42:38.520Z] >>> [apiv2][query] GET https://artifactregistry.googleapis.com/v1/projects/leaseease-updated/locations/us-central1/repositories/gcf-artifacts [none]
[debug] [2026-02-23T19:42:52.605Z] <<< [apiv2][status] GET https://artifactregistry.googleapis.com/v1/projects/leaseease-updated/locations/us-central1/repositories/gcf-artifacts 200
[debug] [2026-02-23T19:42:52.606Z] <<< [apiv2][body] GET https://artifactregistry.googleapis.com/v1/projects/leaseease-updated/locations/us-central1/repositories/gcf-artifacts {"name":"projects/leaseease-updated/locations/us-central1/repositories/gcf-artifacts","format":"DOCKER","description":"This repository is created and used by Cloud Functions for storing function docker images.","labels":{"goog-managed-by":"cloudfunctions"},"createTime":"2026-02-23T09:49:04.975270Z","updateTime":"2026-02-23T11:57:08.612029Z","mode":"STANDARD_REPOSITORY","cleanupPolicies":{"firebase-functions-cleanup":{"id":"firebase-functions-cleanup","action":"DELETE","condition":{"tagState":"ANY","olderThan":"86400s"}}},"sizeBytes":"139303079","vulnerabilityScanningConfig":{"lastEnableTime":"2026-02-23T09:48:56.806882876Z","enablementState":"SCANNING_DISABLED","enablementStateReason":"API containerscanning.googleapis.com is not enabled."},"satisfiesPzi":true,"registryUri":"us-central1-docker.pkg.dev/leaseease-updated/gcf-artifacts"}
[info] 
[info] ✔  Deploy complete! 
[info] 
[info] Project Console: https://console.firebase.google.com/project/leaseease-updated/overview
[debug] [2026-02-23T19:43:01.866Z] Error: Timed out.
    at Timeout.<anonymous> (/usr/local/lib/node_modules/firebase-tools/lib/utils.js:308:49)
    at listOnTimeout (node:internal/timers:605:17)
    at process.processTimers (node:internal/timers:541:7)
[error] 
[error] Error: An unexpected error has occurred.
